<?xml version="1.0" encoding="UTF-8"?>
<testng-results skipped="0" failed="0" ignored="0" total="1" passed="1">
  <reporter-output>
  </reporter-output>
  <suite name="Suite" duration-ms="16404" started-at="2022-01-20T07:06:20 IST" finished-at="2022-01-20T07:06:36 IST">
    <groups>
      <group name="cucumber">
        <method signature="AbstractTestNGCucumberTests.runScenario(io.cucumber.testng.PickleWrapper,io.cucumber.testng.FeatureWrapper)[pri:0, instance:stepDefinitions.TestRunner@5a1c0542]" name="runScenario" class="io.cucumber.testng.AbstractTestNGCucumberTests"/>
      </group> <!-- cucumber -->
    </groups>
    <test name="Test" duration-ms="16404" started-at="2022-01-20T07:06:20 IST" finished-at="2022-01-20T07:06:36 IST">
      <class name="stepDefinitions.TestRunner">
        <test-method status="PASS" signature="setUpClass()[pri:0, instance:stepDefinitions.TestRunner@5a1c0542]" name="setUpClass" is-config="true" duration-ms="753" started-at="2022-01-20T07:06:20 IST" finished-at="2022-01-20T07:06:20 IST">
          <reporter-output>
          </reporter-output>
        </test-method> <!-- setUpClass -->
        <test-method status="PASS" signature="runScenario(io.cucumber.testng.PickleWrapper,io.cucumber.testng.FeatureWrapper)[pri:0, instance:stepDefinitions.TestRunner@5a1c0542]" name="runScenario" duration-ms="15540" started-at="2022-01-20T07:06:21 IST" description="Runs Cucumber Scenarios" data-provider="scenarios" finished-at="2022-01-20T07:06:36 IST">
          <params>
            <param index="0">
              <value>
                <![CDATA["Successful Login with Valid and Invalid Credentials"]]>
              </value>
            </param>
            <param index="1">
              <value>
                <![CDATA["Optional[Login Action]"]]>
              </value>
            </param>
          </params>
          <reporter-output>
          </reporter-output>
        </test-method> <!-- runScenario -->
        <test-method status="PASS" signature="tearDownClass()[pri:0, instance:stepDefinitions.TestRunner@5a1c0542]" name="tearDownClass" is-config="true" duration-ms="36" started-at="2022-01-20T07:06:36 IST" finished-at="2022-01-20T07:06:36 IST">
          <reporter-output>
          </reporter-output>
        </test-method> <!-- tearDownClass -->
      </class> <!-- stepDefinitions.TestRunner -->
    </test> <!-- Test -->
  </suite> <!-- Suite -->
</testng-results>
