<?xml version="1.0" encoding="UTF-8"?>
<testng-results ignored="0" total="1" passed="1" failed="0" skipped="0">
  <reporter-output>
  </reporter-output>
  <suite started-at="2022-01-20T06:06:04 IST" name="Default suite" finished-at="2022-01-20T06:06:19 IST" duration-ms="14566">
    <groups>
      <group name="cucumber">
        <method signature="AbstractTestNGCucumberTests.runScenario(io.cucumber.testng.PickleWrapper,io.cucumber.testng.FeatureWrapper)[pri:0, instance:stepDefinitions.TestRunner@24569dba]" name="runScenario" class="io.cucumber.testng.AbstractTestNGCucumberTests"/>
      </group> <!-- cucumber -->
    </groups>
    <test started-at="2022-01-20T06:06:04 IST" name="Default test" finished-at="2022-01-20T06:06:19 IST" duration-ms="14566">
      <class name="stepDefinitions.TestRunner">
        <test-method is-config="true" signature="setUpClass()[pri:0, instance:stepDefinitions.TestRunner@24569dba]" started-at="2022-01-20T06:06:04 IST" name="setUpClass" finished-at="2022-01-20T06:06:05 IST" duration-ms="755" status="PASS">
          <reporter-output>
          </reporter-output>
        </test-method> <!-- setUpClass -->
        <test-method signature="runScenario(io.cucumber.testng.PickleWrapper,io.cucumber.testng.FeatureWrapper)[pri:0, instance:stepDefinitions.TestRunner@24569dba]" started-at="2022-01-20T06:06:05 IST" name="runScenario" description="Runs Cucumber Scenarios" data-provider="scenarios" finished-at="2022-01-20T06:06:18 IST" duration-ms="13698" status="PASS">
          <params>
            <param index="0">
              <value>
                <![CDATA["Amazon search"]]>
              </value>
            </param>
            <param index="1">
              <value>
                <![CDATA["Optional[Test script for Amazon search]"]]>
              </value>
            </param>
          </params>
          <reporter-output>
          </reporter-output>
        </test-method> <!-- runScenario -->
        <test-method is-config="true" signature="tearDownClass()[pri:0, instance:stepDefinitions.TestRunner@24569dba]" started-at="2022-01-20T06:06:18 IST" name="tearDownClass" finished-at="2022-01-20T06:06:19 IST" duration-ms="19" status="PASS">
          <reporter-output>
          </reporter-output>
        </test-method> <!-- tearDownClass -->
      </class> <!-- stepDefinitions.TestRunner -->
    </test> <!-- Default test -->
  </suite> <!-- Default suite -->
</testng-results>
