<?xml version="1.0" encoding="UTF-8"?>
<testng-results ignored="0" total="1" passed="1" failed="0" skipped="0">
  <reporter-output>
  </reporter-output>
  <suite started-at="2022-01-22T06:51:23 IST" name="Default suite" finished-at="2022-01-22T06:52:19 IST" duration-ms="56632">
    <groups>
      <group name="cucumber">
        <method signature="AbstractTestNGCucumberTests.runScenario(io.cucumber.testng.PickleWrapper,io.cucumber.testng.FeatureWrapper)[pri:0, instance:stepDefinitions.TestRunner@792b749c]" name="runScenario" class="io.cucumber.testng.AbstractTestNGCucumberTests"/>
      </group> <!-- cucumber -->
    </groups>
    <test started-at="2022-01-22T06:51:23 IST" name="Default test" finished-at="2022-01-22T06:52:19 IST" duration-ms="56632">
      <class name="stepDefinitions.TestRunner">
        <test-method is-config="true" signature="setUpClass()[pri:0, instance:stepDefinitions.TestRunner@792b749c]" started-at="2022-01-22T06:51:23 IST" name="setUpClass" finished-at="2022-01-22T06:51:23 IST" duration-ms="647" status="PASS">
          <reporter-output>
          </reporter-output>
        </test-method> <!-- setUpClass -->
        <test-method signature="runScenario(io.cucumber.testng.PickleWrapper,io.cucumber.testng.FeatureWrapper)[pri:0, instance:stepDefinitions.TestRunner@792b749c]" started-at="2022-01-22T06:51:23 IST" name="runScenario" description="Runs Cucumber Scenarios" data-provider="scenarios" finished-at="2022-01-22T06:52:19 IST" duration-ms="55440" status="PASS">
          <params>
            <param index="0">
              <value>
                <![CDATA["Amazon search"]]>
              </value>
            </param>
            <param index="1">
              <value>
                <![CDATA["Optional[Test script for Amazon search]"]]>
              </value>
            </param>
          </params>
          <reporter-output>
          </reporter-output>
        </test-method> <!-- runScenario -->
        <test-method is-config="true" signature="tearDownClass()[pri:0, instance:stepDefinitions.TestRunner@792b749c]" started-at="2022-01-22T06:52:19 IST" name="tearDownClass" finished-at="2022-01-22T06:52:19 IST" duration-ms="477" status="PASS">
          <reporter-output>
          </reporter-output>
        </test-method> <!-- tearDownClass -->
      </class> <!-- stepDefinitions.TestRunner -->
    </test> <!-- Default test -->
  </suite> <!-- Default suite -->
</testng-results>
